[2024-10-26T07:33:55.254+0000] {local_task_job_runner.py:120} INFO - ::group::Pre task execution logs
[2024-10-26T07:33:55.304+0000] {taskinstance.py:2076} INFO - Dependencies all met for dep_context=non-requeueable deps ti=<TaskInstance: e_commerce_dw_etl.transform_dim_products scheduled__2024-02-22T00:00:00+00:00 [queued]>
[2024-10-26T07:33:55.320+0000] {taskinstance.py:2076} INFO - Dependencies all met for dep_context=requeueable deps ti=<TaskInstance: e_commerce_dw_etl.transform_dim_products scheduled__2024-02-22T00:00:00+00:00 [queued]>
[2024-10-26T07:33:55.321+0000] {taskinstance.py:2306} INFO - Starting attempt 2 of 2
[2024-10-26T07:33:55.343+0000] {taskinstance.py:2330} INFO - Executing <Task(PythonOperator): transform_dim_products> on 2024-02-22 00:00:00+00:00
[2024-10-26T07:33:55.352+0000] {standard_task_runner.py:63} INFO - Started process 339 to run task
[2024-10-26T07:33:55.356+0000] {standard_task_runner.py:90} INFO - Running: ['***', 'tasks', 'run', 'e_commerce_dw_etl', 'transform_dim_products', 'scheduled__2024-02-22T00:00:00+00:00', '--job-id', '634', '--raw', '--subdir', 'DAGS_FOLDER/e_commerce_dw_dag.py', '--cfg-path', '/tmp/tmp43z9gost']
[2024-10-26T07:33:55.360+0000] {standard_task_runner.py:91} INFO - Job 634: Subtask transform_dim_products
[2024-10-26T07:33:55.438+0000] {task_command.py:426} INFO - Running <TaskInstance: e_commerce_dw_etl.transform_dim_products scheduled__2024-02-22T00:00:00+00:00 [running]> on host eed3011aebc3
[2024-10-26T07:33:55.586+0000] {taskinstance.py:2648} INFO - Exporting env vars: AIRFLOW_CTX_DAG_OWNER='***' AIRFLOW_CTX_DAG_ID='e_commerce_dw_etl' AIRFLOW_CTX_TASK_ID='transform_dim_products' AIRFLOW_CTX_EXECUTION_DATE='2024-02-22T00:00:00+00:00' AIRFLOW_CTX_TRY_NUMBER='2' AIRFLOW_CTX_DAG_RUN_ID='scheduled__2024-02-22T00:00:00+00:00'
[2024-10-26T07:33:55.588+0000] {taskinstance.py:430} INFO - ::endgroup::
[2024-10-26T07:33:55.626+0000] {base.py:84} INFO - Using connection ID 'postgres' for task execution.
[2024-10-26T07:33:55.665+0000] {logging_mixin.py:188} WARNING - /home/***/.local/lib/python3.10/site-packages/***/providers/common/sql/hooks/sql.py:263 UserWarning: pandas only supports SQLAlchemy connectable (engine/connection) or database string URI or sqlite3 DBAPI2 connection. Other DBAPI2 objects are not tested. Please consider using SQLAlchemy.
[2024-10-26T07:33:55.679+0000] {taskinstance.py:441} INFO - ::group::Post task execution logs
[2024-10-26T07:33:55.685+0000] {taskinstance.py:2905} ERROR - Task failed with exception
Traceback (most recent call last):
  File "/home/airflow/.local/lib/python3.10/site-packages/pandas/io/sql.py", line 2018, in execute
    cur.execute(*args, **kwargs)
psycopg2.errors.UndefinedTable: relation "staging.stg_products" does not exist
LINE 1: SELECT * FROM staging.stg_products
                      ^


The above exception was the direct cause of the following exception:

Traceback (most recent call last):
  File "/home/airflow/.local/lib/python3.10/site-packages/airflow/models/taskinstance.py", line 465, in _execute_task
    result = _execute_callable(context=context, **execute_callable_kwargs)
  File "/home/airflow/.local/lib/python3.10/site-packages/airflow/models/taskinstance.py", line 432, in _execute_callable
    return execute_callable(context=context, **execute_callable_kwargs)
  File "/home/airflow/.local/lib/python3.10/site-packages/airflow/models/baseoperator.py", line 401, in wrapper
    return func(self, *args, **kwargs)
  File "/home/airflow/.local/lib/python3.10/site-packages/airflow/operators/python.py", line 235, in execute
    return_value = self.execute_callable()
  File "/home/airflow/.local/lib/python3.10/site-packages/airflow/operators/python.py", line 252, in execute_callable
    return self.python_callable(*self.op_args, **self.op_kwargs)
  File "/opt/airflow/dags/transform_dim_products.py", line 10, in transform_dim_products
    df_products = staging_operator.get_data_to_pd("SELECT * FROM staging.stg_products")
  File "/opt/airflow/plugins/postgresql_operator.py", line 14, in get_data_to_pd
    return self.hook.get_pandas_df(sql)
  File "/home/airflow/.local/lib/python3.10/site-packages/airflow/providers/common/sql/hooks/sql.py", line 263, in get_pandas_df
    return psql.read_sql(sql, con=conn, params=parameters, **kwargs)
  File "/home/airflow/.local/lib/python3.10/site-packages/pandas/io/sql.py", line 564, in read_sql
    return pandas_sql.read_query(
  File "/home/airflow/.local/lib/python3.10/site-packages/pandas/io/sql.py", line 2078, in read_query
    cursor = self.execute(*args)
  File "/home/airflow/.local/lib/python3.10/site-packages/pandas/io/sql.py", line 2030, in execute
    raise ex from exc
pandas.errors.DatabaseError: Execution failed on sql 'SELECT * FROM staging.stg_products': relation "staging.stg_products" does not exist
LINE 1: SELECT * FROM staging.stg_products
                      ^

[2024-10-26T07:33:55.717+0000] {taskinstance.py:1206} INFO - Marking task as FAILED. dag_id=e_commerce_dw_etl, task_id=transform_dim_products, run_id=scheduled__2024-02-22T00:00:00+00:00, execution_date=20240222T000000, start_date=20241026T073355, end_date=20241026T073355
[2024-10-26T07:33:55.886+0000] {standard_task_runner.py:110} ERROR - Failed to execute job 634 for task transform_dim_products (Execution failed on sql 'SELECT * FROM staging.stg_products': relation "staging.stg_products" does not exist
LINE 1: SELECT * FROM staging.stg_products
                      ^
; 339)
[2024-10-26T07:33:55.933+0000] {local_task_job_runner.py:240} INFO - Task exited with return code 1
[2024-10-26T07:33:55.949+0000] {local_task_job_runner.py:222} INFO - ::endgroup::
